                                                                                     
                              ABACUS v3.9.0.18

               Atomic-orbital Based Ab-initio Computation at UStc                    

                     Website: http://abacus.ustc.edu.cn/                             
               Documentation: https://abacus.deepmodeling.com/                       
                  Repository: https://github.com/abacusmodeling/abacus-develop       
                              https://github.com/deepmodeling/abacus-develop         
                      Commit: 305586a00 (Mon Mar 9 11:36:56 2026 +0000)

    Start Time is Thu Apr 30 10:59:13 2026
                                                                                     
 ------------------------------------------------------------------------------------

 READING GENERAL INFORMATION
                           global_out_dir = OUT.ABACUS/
                           global_in_card = INPUT
                               pseudo_dir = ./
                              orbital_dir = ./
                                    DRANK = 1
                                    DSIZE = 16
                                   DCOLOR = 1
                                    GRANK = 1
                                    GSIZE = 1


 >>>>>>>>>>>>>>>>>>>>>>>>>>>>>>>>>>>>>>>>>>>>>>>>>>>>>>>>>>>>>>>>>>>>>>
 |                                                                    |
 |                        #Setup Unitcell#                            |
 | From the input file and the structure file we know the number of   |
 | different elments in this unitcell, then we list the detail        |
 | information for each element, especially the zeta and polar atomic |
 | orbital number for each element. The total atom number is counted. |
 | We calculate the nearest atom distance for each atom and show the  |
 | Cartesian and Direct coordinates for each atom. We list the file   |
 | address for atomic orbitals. The volume and the lattice vectors    |
 | in real and reciprocal space is also shown.                        |
 |                                                                    |
 <<<<<<<<<<<<<<<<<<<<<<<<<<<<<<<<<<<<<<<<<<<<<<<<<<<<<<<<<<<<<<<<<<<<<<

 READING UNITCELL INFORMATION
                       Number of elements = 1
                  Lattice constant (Bohr) = 1.88973
              Lattice constant (Angstrom) = 1

 READING ATOM TYPE 1
                               Atom label = C
                      L=0, number of zeta = 2
                      L=1, number of zeta = 2
                      L=2, number of zeta = 1
            Number of atoms for this type = 8
              Magnetization for this type = [ 0, 0, 0 ]

                        TOTAL ATOM NUMBER = 8

 DIRECT COORDINATES
 atom                  x                  y                  z     mag
    C     0.000000000000     0.000000000000     0.500000000000  0.0000
    C     0.250000000000     0.250000000000     0.750000000000  0.0000
    C     0.000000000000     0.500000000000     0.000000000000  0.0000
    C     0.250000000000     0.750000000000     0.250000000000  0.0000
    C     0.500000000000     0.000000000000     0.000000000000  0.0000
    C     0.750000000000     0.250000000000     0.250000000000  0.0000
    C     0.500000000000     0.500000000000     0.500000000000  0.0000
    C     0.750000000000     0.750000000000     0.750000000000  0.0000

 ATOMIC VELOCITIES
 atom                 vx                 vy                 vz
    C                  0                  0                  0
    C                  0                  0                  0
    C                  0                  0                  0
    C                  0                  0                  0
    C                  0                  0                  0
    C                  0                  0                  0
    C                  0                  0                  0
    C                  0                  0                  0

                     Cell volume (Bohr^3) = 304.663
                        Cell volume (A^3) = 45.1463

 Lattice vectors: (Cartesian coordinate: in unit of a_0)
             +3.56075                  +0                  +0
                   +0            +3.56075                  +0
                   +0                  +0            +3.56075
 Reciprocal vectors: (Cartesian coordinate: in unit of 2 pi/a_0)
             +0.28084                  -0                  +0
                   -0            +0.28084                  -0
                   +0                  -0            +0.28084

 #ENERGY SOLVER# ksdft_lcao
 RUNNING WITH DEVICE  : CPU / AMD EPYC 9965 192-Core Processor (x2)


 >>>>>>>>>>>>>>>>>>>>>>>>>>>>>>>>>>>>>>>>>>>>>>>>>>>>>>>>>>>>>>>>>>>>>>
 |                                                                    |
 |                 #Read Pseudopotentials Files#                      |
 | ABACUS supports norm-conserving (NC) pseudopotentials for both     |
 | plane wave basis and numerical atomic orbital basis sets.          |
 | In addition, ABACUS supports ultrasoft pseudopotentials (USPP)     |
 | for plane wave basis set.                                          |
 |                                                                    |
 <<<<<<<<<<<<<<<<<<<<<<<<<<<<<<<<<<<<<<<<<<<<<<<<<<<<<<<<<<<<<<<<<<<<<<

                PAO radial cut off (Bohr) = 15
                     Pseudopotential file = C.upf
                     Pseudopotential type = NC
          Exchange-correlation functional = PBE
                 Nonlocal core correction = 1
                        Valence electrons = 4
                                     Lmax = 1
                           Number of zeta = 3
                     Number of projectors = 6
                           L of projector = 0
                           L of projector = 0
                           L of projector = 1
                           L of projector = 1
                           L of projector = 1
                           L of projector = 1
         Number of pseudo atomic orbitals = 64
             Electron number of element C = 4
       Total electron number of element C = 32
          Autoset the number of electrons = 32
               Occupied electronic states = 32
                 Number of basis (NLOCAL) = 208
     Number of electronic states (NBANDS) = 52


 >>>>>>>>>>>>>>>>>>>>>>>>>>>>>>>>>>>>>>>>>>>>>>>>>>>>>>>>>>>>>>>>>>>>>>
 |                                                                    |
 |           #Setup Plane Waves of Charge/Potential#                  |
 | Use the kinetic energy cutoff and the lattice vectors to generate  |
 | the dimensions of FFT grid, which is used to represent the charge  |
 | density or potential. If USPP is used, a double grid technique     |
 | is applied.                                                        |
 |                                                                    |
 <<<<<<<<<<<<<<<<<<<<<<<<<<<<<<<<<<<<<<<<<<<<<<<<<<<<<<<<<<<<<<<<<<<<<<

 SETUP PLANE WAVES FOR CHARGE/POTENTIAL
  Energy cutoff for charge/potential (Ry) = 480
            FFT grid for charge/potential = [ 48, 48, 48 ]
           Number of FFT grids this proc. = 6912
                Division for big FFT grid = [ 3, 3, 3 ]
      FFT (big) grid for charge/potential = [ 16, 16, 16 ]
     Number of FFT (big) grids this proc. = 256
                    Number of plane waves = 54339
        Number of sticks on FFT x-y plane = 1741

 PARALLEL PW FOR CHARGE/POTENTIAL
     PROC   COLUMNS(POT)             PW
        1            109           3397
        2            109           3397
        3            109           3397
        4            109           3397
        5            109           3397
        6            109           3397
        7            109           3397
        8            109           3397
        9            109           3397
       10            109           3397
       11            109           3397
       12            108           3394
       13            108           3394
       14            108           3394
       15            109           3395
       16            109           3395
 --------------- SUM -------------------
       16           1741          54339

                            Number of |g| = 413
                                  Max |g| = 43.3791
                                  Min |g| = 0.157742
 DONE : SETUP UNITCELL Time : 0.0416017 (SEC)


 >>>>>>>>>>>>>>>>>>>>>>>>>>>>>>>>>>>>>>>>>>>>>>>>>>>>>>>>>>>>>>>>>>>>>>
 |                                                                    |
 | Setup charge mixing parameters                                     |
 |                                                                    |
 <<<<<<<<<<<<<<<<<<<<<<<<<<<<<<<<<<<<<<<<<<<<<<<<<<<<<<<<<<<<<<<<<<<<<<

                              mixing_type = broyden
                              mixing_beta = 0.4
                               mixing_gg0 = 1
                           mixing_gg0_min = 0.1
                          mixing_beta_mag = 1.6
                           mixing_gg0_mag = 0
                              mixing_ndim = 8

 >>>>>>>>>>>>>>>>>>>>>>>>>>>>>>>>>>>>>>>>>>>>>>>>>>>>>>>>>>>>>>>>>>>>>>
 |                                                                    |
 |                       #Setup K-points#                             |
 | We setup the k-points according to input parameters.               |
 | The reduced k-points are set according to symmetry operations.     |
 | We treat the spin as another set of k-points.                      |
 |                                                                    |
 <<<<<<<<<<<<<<<<<<<<<<<<<<<<<<<<<<<<<<<<<<<<<<<<<<<<<<<<<<<<<<<<<<<<<<


 SETUP K-POINTS
                                    nspin = 4
                   Input type of k points = Monkhorst-Pack
                                   nkstot = 1
 K-POINTS DIRECT COORDINATES
 KPOINTS    DIRECT_X    DIRECT_Y    DIRECT_Z  WEIGHT
       1  0.00000000  0.00000000  0.00000000  1.0000


       Number of k-points in this process = 1
       Minimum distributed k-point number = 1

 K-POINTS CARTESIAN COORDINATES
 KPOINTS CARTESIAN_X CARTESIAN_Y CARTESIAN_Z  WEIGHT
       1  0.00000000  0.00000000  0.00000000  1.0000


 K-POINTS DIRECT COORDINATES
 KPOINTS    DIRECT_X    DIRECT_Y    DIRECT_Z  WEIGHT
       1  0.00000000  0.00000000  0.00000000  1.0000

 DONE : INIT K-POINTS Time : 0.0423078 (SEC)



 >>>>>>>>>>>>>>>>>>>>>>>>>>>>>>>>>>>>>>>>>>>>>>>>>>>>>>>>>>>>>>>>>>>>>>
 |                                                                    |
 |              #Setup Plane Waves of Wave Functions#                 |
 | Use the kinetic energy cutoff and the lattice vectors to generate  |
 | the dimensions of FFT grid, which is used to represent the wave    |
 | functions of electrons.                                            |
 |                                                                    |
 <<<<<<<<<<<<<<<<<<<<<<<<<<<<<<<<<<<<<<<<<<<<<<<<<<<<<<<<<<<<<<<<<<<<<<

 SETUP PLANE WAVES FOR WAVE FUNCTIONS
     Energy cutoff for wavefunc (unit:Ry) = 120
              FFT grid for wave functions = [ 48, 48, 48 ]
              Number of total plane waves = 6763
        Number of sticks on FFT x-y plane = 437

 PARALLEL PW FOR WAVE FUNCTIONS
     PROC   COLUMNS(POT)             PW
        1             27            423
        2             27            423
        3             27            423
        4             27            423
        5             27            423
        6             27            423
        7             28            422
        8             28            422
        9             28            422
       10             27            423
       11             27            423
       12             27            423
       13             27            423
       14             27            423
       15             28            422
       16             28            422
 --------------- sum -------------------
       16            437           6763
 DONE : INIT PLANEWAVE Time : 0.0429426 (SEC)

 SET NONLOCAL PSEUDOPOTENTIAL PROJECTORS
 Max number of nonlocal projectors (all elements) = 6
 DONE : CHARGE Time : 0.0925083 (SEC)

 DONE : POTENTIALS Time : 0.0931988 (SEC)



 >>>>>>>>>>>>>>>>>>>>>>>>>>>>>>>>>>>>>>>>>>>>>>>>>>>>>>>>>>>>>>>>>>>>>>
 |                                                                    |
 |                    #Search Adjacent Atoms#                         |
 | Set the adjacent atoms for each atom and set the periodic boundary |
 | condition for the atoms on real space FFT grid. For k-dependent    |
 | algorithm, we also need to set the sparse H and S matrix element   |
 | for each atom.                                                     |
 |                                                                    |
 <<<<<<<<<<<<<<<<<<<<<<<<<<<<<<<<<<<<<<<<<<<<<<<<<<<<<<<<<<<<<<<<<<<<<<

 SETUP SEARCHING RADIUS
         Orbital max radius cutoff (Bohr) = 7
  Nonlocal proj. max radius cutoff (Bohr) = 1.3
                     Search radius (Bohr) = 16.6
 SEARCH ADJACENT ATOMS
                  searching radius (Bohr) = 16.6
          Radius (unit: lattice constant) = 8.78
                      Max number of cells = [ 4, 4, 4 ]
                      Min number of cells = [ 3, 3, 3 ]
                 Min coordinates of atoms = [ -10.7, -10.7, -10.7 ]
                 Max coordinates of atoms = [ 13.4, 13.4, 13.4 ]
                                BoxNumber = [ 4, 4, 4 ]
                                ParaV.nnr = 153304
                                 init_chg = atomic

   finish init_chg

 --------------------------------------------
 !FINAL_ETOT_IS 0 eV
 --------------------------------------------



TIME STATISTICS
-------------------------------------------------------------------
    CLASS_NAME           NAME        TIME/s  CALLS   AVG/s  PER/%  
-------------------------------------------------------------------
                  total              0.27   11       0.02   100.00 
 Driver           atomic_world       0.27   1        0.27   100.00 
 Driver           reading            0.02   1        0.02   5.65   
 ESolver_KS_LCAO  before_all_runners 0.06   1        0.06   23.75  
 Structure_Factor setup              0.01   1        0.01   2.04   
 PW_Basis_Sup     real2recip         0.01   12       0.00   2.24   
 ESolver_KS_LCAO  others             0.18   1        0.18   65.10  
 GintInfo         init_atoms         0.00   1        0.00   1.78   
 Record_adj       for_2d             0.00   1        0.00   1.45   
 NonlocalNew      initialize_HR      0.00   1        0.00   1.75   
 Charge           set_rho_core       0.01   1        0.01   2.48   
 PW_Basis_Sup     recip2real         0.01   18       0.00   3.48   
 Potential        init_pot           0.01   1        0.01   2.13   
 Potential        cal_veff           0.01   1        0.01   2.03   
 PotXC            cal_veff           0.00   1        0.00   1.83   
 XC_Functional    v_xc               0.00   1        0.00   1.82   
 HamiltLCAO       updateHk           0.14   1        0.14   52.58  
 OperatorLCAO     init               0.14   3        0.05   52.07  
 Veff             contributeHR       0.11   1        0.11   41.46  
 Gint             cal_gint_vl        0.11   1        0.11   40.99  
 Gint_k           transfer_pvpR      0.05   1        0.05   17.89  
 NonlocalNew      contributeHR       0.03   1        0.03   9.65   
 NonlocalNew      calculate_HR       0.03   1        0.03   9.50   
 ModuleIO         output_HSR_block   0.00   1        0.00   1.06   
-------------------------------------------------------------------


 NAME-------------------------|MEMORY(MB)------------------
                         total          108.1
                HamiltLCAO::hR          41.11
                HamiltLCAO::sR          26.66
      TwoCenterTable: Nonlocal          7.297
       TwoCenterTable: Kinetic          6.098
       TwoCenterTable: Overlap          6.098
                      Chg::rho          3.375
                 Chg::rho_save          3.375
                     Pot::veff          3.375
              Pot::veff_smooth          3.375
                     Chg::rhog          1.658
                Chg::rhog_save          1.658
 -------------   < 1.0 MB has been ignored ----------------
 ----------------------------------------------------------

 Start  Time  : Thu Apr 30 10:59:13 2026
 Finish Time  : Thu Apr 30 10:59:13 2026
 Total  Time  : 0 h 0 mins 0 secs 
