2026-05-07 15:05:28,808 - timing_logger - INFO - Function 'read_stru' in 'scripts.read_hs_data' executed in 0.108773 seconds
2026-05-07 15:06:32,190 - timing_logger - INFO - Function '_read_all_matrices' in 'scripts.read_hs_data' executed in 63.382410 seconds
2026-05-07 15:06:32,191 - timing_logger - INFO - Function '_get_transform_matrix' in 'scripts.read_hs_data' executed in 0.000159 seconds
2026-05-08 11:19:44,957 - timing_logger - INFO - Function 'read_stru' in 'scripts.output_hs_data' executed in 0.002902 seconds
2026-05-08 15:06:23,391 - timing_logger - INFO - Function 'read_stru' in 'scripts.output_hs_data' executed in 0.002829 seconds
2026-05-08 15:17:20,676 - timing_logger - INFO - Function 'read_stru' in 'scripts.output_hs_data' executed in 0.002846 seconds
2026-05-08 15:20:46,119 - timing_logger - INFO - Function 'get_hs_data' in 'scripts.output_hs_data' executed in 205.442462 seconds
2026-05-08 15:20:46,120 - timing_logger - INFO - Function 'read_stru' in 'scripts.add_element' executed in 0.001235 seconds
2026-05-08 15:20:46,121 - timing_logger - INFO - Function 'read_stru' in 'scripts.add_element' executed in 0.000483 seconds
2026-05-08 15:20:47,581 - timing_logger - INFO - Function 'read_file' in 'scripts.add_element' executed in 1.460054 seconds
2026-05-08 15:20:48,053 - timing_logger - INFO - Function 'read_file' in 'scripts.add_element' executed in 0.471565 seconds
2026-05-08 15:20:50,071 - timing_logger - INFO - Function 'add_matrxi_element' in 'scripts.add_element' executed in 3.950321 seconds
2026-05-08 15:20:50,092 - timing_logger - INFO - Function 'generate_kline' in 'scripts.plot_band' executed in 0.021318 seconds
2026-05-08 15:30:28,125 - timing_logger - INFO - Function 'cal_band' in 'scripts.plot_band' executed in 578.053859 seconds
2026-05-08 15:30:28,139 - timing_logger - INFO - Function 'generate_kline' in 'scripts.plot_band' executed in 0.003772 seconds
2026-05-08 15:30:28,500 - timing_logger - INFO - Function 'plot_pic' in 'scripts.plot_band' executed in 0.374629 seconds
2026-05-08 15:30:28,500 - timing_logger - INFO - Function 'main' in '__main__' executed in 787.827434 seconds
2026-05-11 11:14:23,994 - timing_logger - INFO - Function 'read_stru' in 'scripts.output_hs_data' executed in 0.006256 seconds
2026-05-11 11:20:16,843 - timing_logger - INFO - Function 'get_hs_data' in 'scripts.output_hs_data' executed in 352.849334 seconds
2026-05-11 11:20:16,846 - timing_logger - INFO - Function 'read_stru' in 'scripts.add_element' executed in 0.002308 seconds
2026-05-11 11:20:16,847 - timing_logger - INFO - Function 'read_stru' in 'scripts.add_element' executed in 0.001078 seconds
2026-05-11 11:20:20,497 - timing_logger - INFO - Function 'read_file' in 'scripts.add_element' executed in 3.650021 seconds
2026-05-11 11:20:24,848 - timing_logger - INFO - Function 'read_file' in 'scripts.add_element' executed in 4.350447 seconds
2026-05-11 11:20:31,759 - timing_logger - INFO - Function 'add_matrxi_element' in 'scripts.add_element' executed in 14.912533 seconds
2026-05-11 11:20:31,782 - timing_logger - INFO - Function 'generate_kline' in 'scripts.plot_band' executed in 0.022956 seconds
2026-05-11 12:39:38,257 - timing_logger - INFO - Function 'cal_band' in 'scripts.plot_band' executed in 4746.497616 seconds
2026-05-11 12:39:38,315 - timing_logger - INFO - Function 'generate_kline' in 'scripts.plot_band' executed in 0.033222 seconds
2026-05-11 12:39:39,301 - timing_logger - INFO - Function 'plot_pic' in 'scripts.plot_band' executed in 1.044324 seconds
2026-05-11 12:39:39,301 - timing_logger - INFO - Function 'main' in '__main__' executed in 5115.314471 seconds
2026-05-11 15:59:50,989 - timing_logger - INFO - Function 'read_stru' in 'scripts.output_hs_data' executed in 0.540039 seconds
2026-05-11 16:44:09,719 - timing_logger - INFO - Function 'read_stru' in 'scripts.output_hs_data' executed in 0.567762 seconds
2026-05-11 17:15:36,554 - timing_logger - INFO - Function 'read_stru' in 'scripts.output_hs_data' executed in 0.008899 seconds
2026-05-11 17:24:40,525 - timing_logger - INFO - Function 'get_hs_data' in 'scripts.output_hs_data' executed in 543.970979 seconds
2026-05-11 17:24:40,529 - timing_logger - INFO - Function 'read_stru' in 'scripts.add_element' executed in 0.003546 seconds
2026-05-11 17:24:40,531 - timing_logger - INFO - Function 'read_stru' in 'scripts.add_element' executed in 0.001145 seconds
2026-05-11 17:24:44,287 - timing_logger - INFO - Function 'read_file' in 'scripts.add_element' executed in 3.755945 seconds
2026-05-11 17:24:48,748 - timing_logger - INFO - Function 'read_file' in 'scripts.add_element' executed in 4.460597 seconds
2026-05-11 17:24:56,153 - timing_logger - INFO - Function 'add_matrxi_element' in 'scripts.add_element' executed in 15.623094 seconds
2026-05-11 17:24:56,194 - timing_logger - INFO - Function 'generate_kline' in 'scripts.plot_band' executed in 0.041036 seconds
2026-05-11 18:44:23,338 - timing_logger - INFO - Function 'read_stru' in 'scripts.output_hs_data' executed in 0.006273 seconds
