2026-05-06 11:34:14,283 - timing_logger - INFO - Function 'read_stru' in 'scripts.read_hs_data' executed in 0.001666 seconds
2026-05-06 11:34:14,484 - timing_logger - INFO - Function '_read_all_matrices' in 'scripts.read_hs_data' executed in 0.201125 seconds
2026-05-06 11:34:14,485 - timing_logger - INFO - Function '_get_transform_matrix' in 'scripts.read_hs_data' executed in 0.000110 seconds
2026-05-06 11:34:27,792 - timing_logger - INFO - Function '_finalize_tensors' in 'scripts.read_hs_data' executed in 0.184768 seconds
2026-05-06 11:34:27,812 - timing_logger - INFO - Function 'read_data' in 'scripts.read_hs_data' executed in 13.529320 seconds
2026-05-06 11:34:27,822 - timing_logger - INFO - Function 'main' in '__main__' executed in 13.548036 seconds
2026-05-06 11:41:23,009 - timing_logger - INFO - Function 'read_stru' in 'scripts.read_hs_data' executed in 0.001681 seconds
2026-05-06 11:41:23,209 - timing_logger - INFO - Function '_read_all_matrices' in 'scripts.read_hs_data' executed in 0.199732 seconds
2026-05-06 11:41:23,209 - timing_logger - INFO - Function '_get_transform_matrix' in 'scripts.read_hs_data' executed in 0.000112 seconds
2026-05-06 11:41:31,272 - timing_logger - INFO - Function '_finalize_tensors' in 'scripts.read_hs_data' executed in 0.247097 seconds
2026-05-06 11:41:31,299 - timing_logger - INFO - Function 'read_data' in 'scripts.read_hs_data' executed in 8.289695 seconds
2026-05-06 11:41:31,311 - timing_logger - INFO - Function 'main' in '__main__' executed in 8.311328 seconds
2026-05-06 11:42:29,858 - timing_logger - INFO - Function 'read_stru' in 'scripts.read_hs_data' executed in 0.001685 seconds
2026-05-06 11:42:30,060 - timing_logger - INFO - Function '_read_all_matrices' in 'scripts.read_hs_data' executed in 0.202236 seconds
2026-05-06 11:42:30,060 - timing_logger - INFO - Function '_get_transform_matrix' in 'scripts.read_hs_data' executed in 0.000111 seconds
2026-05-06 11:42:41,763 - timing_logger - INFO - Function '_finalize_tensors' in 'scripts.read_hs_data' executed in 0.254641 seconds
2026-05-06 11:42:41,791 - timing_logger - INFO - Function 'read_data' in 'scripts.read_hs_data' executed in 11.933291 seconds
2026-05-06 11:42:41,803 - timing_logger - INFO - Function 'main' in '__main__' executed in 11.955196 seconds
2026-05-06 11:47:36,987 - timing_logger - INFO - Function 'read_stru' in 'scripts.read_hs_data' executed in 0.001702 seconds
2026-05-06 11:47:37,196 - timing_logger - INFO - Function '_read_all_matrices' in 'scripts.read_hs_data' executed in 0.209183 seconds
2026-05-06 11:47:37,196 - timing_logger - INFO - Function '_get_transform_matrix' in 'scripts.read_hs_data' executed in 0.000125 seconds
2026-05-06 11:47:49,347 - timing_logger - INFO - Function '_finalize_tensors' in 'scripts.read_hs_data' executed in 0.250525 seconds
2026-05-06 11:47:49,368 - timing_logger - INFO - Function 'read_data' in 'scripts.read_hs_data' executed in 12.381052 seconds
2026-05-06 11:47:49,376 - timing_logger - INFO - Function 'main' in '__main__' executed in 12.398727 seconds
2026-05-06 11:48:02,921 - timing_logger - INFO - Function 'read_stru' in 'scripts.read_hs_data' executed in 0.001706 seconds
2026-05-06 11:48:03,135 - timing_logger - INFO - Function '_read_all_matrices' in 'scripts.read_hs_data' executed in 0.213738 seconds
2026-05-06 11:48:03,135 - timing_logger - INFO - Function '_get_transform_matrix' in 'scripts.read_hs_data' executed in 0.000128 seconds
2026-05-06 11:48:10,904 - timing_logger - INFO - Function '_finalize_tensors' in 'scripts.read_hs_data' executed in 0.188408 seconds
2026-05-06 11:48:10,928 - timing_logger - INFO - Function 'read_data' in 'scripts.read_hs_data' executed in 8.006638 seconds
2026-05-06 11:48:10,936 - timing_logger - INFO - Function 'main' in '__main__' executed in 8.024115 seconds
2026-05-06 11:49:56,967 - timing_logger - INFO - Function 'read_stru' in 'scripts.read_hs_data' executed in 0.001720 seconds
2026-05-06 11:49:57,176 - timing_logger - INFO - Function '_read_all_matrices' in 'scripts.read_hs_data' executed in 0.209152 seconds
2026-05-06 11:49:57,177 - timing_logger - INFO - Function '_get_transform_matrix' in 'scripts.read_hs_data' executed in 0.000120 seconds
2026-05-06 11:50:04,133 - timing_logger - INFO - Function 'read_stru' in 'scripts.read_hs_data' executed in 0.001684 seconds
2026-05-06 11:50:04,344 - timing_logger - INFO - Function '_read_all_matrices' in 'scripts.read_hs_data' executed in 0.210653 seconds
2026-05-06 11:50:04,345 - timing_logger - INFO - Function '_get_transform_matrix' in 'scripts.read_hs_data' executed in 0.000125 seconds
2026-05-06 11:50:11,351 - timing_logger - INFO - Function '_finalize_tensors' in 'scripts.read_hs_data' executed in 0.323963 seconds
2026-05-06 11:50:11,371 - timing_logger - INFO - Function 'read_data' in 'scripts.read_hs_data' executed in 7.237417 seconds
2026-05-06 11:50:11,383 - timing_logger - INFO - Function 'main' in '__main__' executed in 7.258443 seconds
2026-05-06 12:02:03,842 - timing_logger - INFO - Function 'read_stru' in 'scripts.output_hs_data' executed in 0.002785 seconds
2026-05-06 12:04:47,154 - timing_logger - INFO - Function 'get_hs_data' in 'scripts.output_hs_data' executed in 163.311919 seconds
2026-05-06 12:04:47,156 - timing_logger - INFO - Function 'read_stru' in 'scripts.add_element' executed in 0.001261 seconds
2026-05-06 12:04:47,156 - timing_logger - INFO - Function 'read_stru' in 'scripts.add_element' executed in 0.000451 seconds
2026-05-06 12:04:48,623 - timing_logger - INFO - Function 'read_file' in 'scripts.add_element' executed in 1.466756 seconds
2026-05-06 12:04:49,096 - timing_logger - INFO - Function 'read_file' in 'scripts.add_element' executed in 0.472235 seconds
2026-05-06 12:04:51,033 - timing_logger - INFO - Function 'add_matrxi_element' in 'scripts.add_element' executed in 3.877281 seconds
2026-05-06 12:04:51,041 - timing_logger - INFO - Function 'generate_kline' in 'scripts.plot_band' executed in 0.007881 seconds
2026-05-06 12:14:35,145 - timing_logger - INFO - Function 'cal_band' in 'scripts.plot_band' executed in 584.111557 seconds
2026-05-06 12:14:35,178 - timing_logger - INFO - Function 'generate_kline' in 'scripts.plot_band' executed in 0.022324 seconds
2026-05-06 12:14:35,537 - timing_logger - INFO - Function 'plot_pic' in 'scripts.plot_band' executed in 0.391658 seconds
2026-05-06 12:14:35,537 - timing_logger - INFO - Function 'main' in '__main__' executed in 751.698493 seconds
2026-05-06 16:37:39,793 - timing_logger - INFO - Function 'read_stru' in 'scripts.read_hs_data' executed in 0.001700 seconds
2026-05-06 16:37:39,997 - timing_logger - INFO - Function '_read_all_matrices' in 'scripts.read_hs_data' executed in 0.204547 seconds
2026-05-06 16:37:39,998 - timing_logger - INFO - Function '_get_transform_matrix' in 'scripts.read_hs_data' executed in 0.000130 seconds
2026-05-06 16:37:48,711 - timing_logger - INFO - Function '_finalize_tensors' in 'scripts.read_hs_data' executed in 0.277678 seconds
2026-05-06 16:37:48,740 - timing_logger - INFO - Function 'read_data' in 'scripts.read_hs_data' executed in 8.947175 seconds
2026-05-06 16:37:48,753 - timing_logger - INFO - Function 'main' in '__main__' executed in 8.969460 seconds
2026-05-06 16:43:24,353 - timing_logger - INFO - Function 'read_stru' in 'scripts.read_hs_data' executed in 0.001684 seconds
2026-05-06 16:43:24,555 - timing_logger - INFO - Function '_read_all_matrices' in 'scripts.read_hs_data' executed in 0.201468 seconds
2026-05-06 16:43:24,555 - timing_logger - INFO - Function '_get_transform_matrix' in 'scripts.read_hs_data' executed in 0.000107 seconds
2026-05-06 16:43:45,956 - timing_logger - INFO - Function '_finalize_tensors' in 'scripts.read_hs_data' executed in 0.288138 seconds
2026-05-06 16:43:45,980 - timing_logger - INFO - Function 'read_data' in 'scripts.read_hs_data' executed in 21.626998 seconds
2026-05-06 16:43:45,988 - timing_logger - INFO - Function 'main' in '__main__' executed in 21.643847 seconds
